Determining if the pthread_create exist failed with the following output:
Change Dir: /home/afnan/Desktop/AUC_ROS/Day3/AUC-Robotics-Summer-Camp/Day3/catkin_ws/build/CMakeFiles/CMakeTmp

Run Build Command:"/usr/bin/make" "cmTC_ae7dd/fast"
/usr/bin/make -f CMakeFiles/cmTC_ae7dd.dir/build.make CMakeFiles/cmTC_ae7dd.dir/build
make[1]: Entering directory '/home/afnan/Desktop/AUC_ROS/Day3/AUC-Robotics-Summer-Camp/Day3/catkin_ws/build/CMakeFiles/CMakeTmp'
Building C object CMakeFiles/cmTC_ae7dd.dir/CheckSymbolExists.c.o
/usr/bin/cc    -o CMakeFiles/cmTC_ae7dd.dir/CheckSymbolExists.c.o   -c /home/afnan/Desktop/AUC_ROS/Day3/AUC-Robotics-Summer-Camp/Day3/catkin_ws/build/CMakeFiles/CMakeTmp/CheckSymbolExists.c
Linking C executable cmTC_ae7dd
/usr/bin/cmake -E cmake_link_script CMakeFiles/cmTC_ae7dd.dir/link.txt --verbose=1
/usr/bin/cc      -rdynamic CMakeFiles/cmTC_ae7dd.dir/CheckSymbolExists.c.o  -o cmTC_ae7dd 
CMakeFiles/cmTC_ae7dd.dir/CheckSymbolExists.c.o: In function `main':
CheckSymbolExists.c:(.text+0x1b): undefined reference to `pthread_create'
collect2: error: ld returned 1 exit status
CMakeFiles/cmTC_ae7dd.dir/build.make:97: recipe for target 'cmTC_ae7dd' failed
make[1]: *** [cmTC_ae7dd] Error 1
make[1]: Leaving directory '/home/afnan/Desktop/AUC_ROS/Day3/AUC-Robotics-Summer-Camp/Day3/catkin_ws/build/CMakeFiles/CMakeTmp'
Makefile:126: recipe for target 'cmTC_ae7dd/fast' failed
make: *** [cmTC_ae7dd/fast] Error 2

File /home/afnan/Desktop/AUC_ROS/Day3/AUC-Robotics-Summer-Camp/Day3/catkin_ws/build/CMakeFiles/CMakeTmp/CheckSymbolExists.c:
/* */
#include <pthread.h>

int main(int argc, char** argv)
{
  (void)argv;
#ifndef pthread_create
  return ((int*)(&pthread_create))[argc];
#else
  (void)argc;
  return 0;
#endif
}

Determining if the function pthread_create exists in the pthreads failed with the following output:
Change Dir: /home/afnan/Desktop/AUC_ROS/Day3/AUC-Robotics-Summer-Camp/Day3/catkin_ws/build/CMakeFiles/CMakeTmp

Run Build Command:"/usr/bin/make" "cmTC_8be9f/fast"
/usr/bin/make -f CMakeFiles/cmTC_8be9f.dir/build.make CMakeFiles/cmTC_8be9f.dir/build
make[1]: Entering directory '/home/afnan/Desktop/AUC_ROS/Day3/AUC-Robotics-Summer-Camp/Day3/catkin_ws/build/CMakeFiles/CMakeTmp'
Building C object CMakeFiles/cmTC_8be9f.dir/CheckFunctionExists.c.o
/usr/bin/cc   -DCHECK_FUNCTION_EXISTS=pthread_create   -o CMakeFiles/cmTC_8be9f.dir/CheckFunctionExists.c.o   -c /usr/share/cmake-3.10/Modules/CheckFunctionExists.c
Linking C executable cmTC_8be9f
/usr/bin/cmake -E cmake_link_script CMakeFiles/cmTC_8be9f.dir/link.txt --verbose=1
/usr/bin/cc  -DCHECK_FUNCTION_EXISTS=pthread_create    -rdynamic CMakeFiles/cmTC_8be9f.dir/CheckFunctionExists.c.o  -o cmTC_8be9f -lpthreads 
/usr/bin/ld: cannot find -lpthreads
collect2: error: ld returned 1 exit status
CMakeFiles/cmTC_8be9f.dir/build.make:97: recipe for target 'cmTC_8be9f' failed
make[1]: *** [cmTC_8be9f] Error 1
make[1]: Leaving directory '/home/afnan/Desktop/AUC_ROS/Day3/AUC-Robotics-Summer-Camp/Day3/catkin_ws/build/CMakeFiles/CMakeTmp'
Makefile:126: recipe for target 'cmTC_8be9f/fast' failed
make: *** [cmTC_8be9f/fast] Error 2


